{"/Users/priyankakoneru/HR/yelp_images/client/src/index.jsx": {"path":"/Users/priyankakoneru/HR/yelp_images/client/src/index.jsx","statementMap":{"0":{"start":{"line":5,"column":0},"end":{"line":5,"column":56}}},"fnMap":{},"branchMap":{},"s":{"0":0},"f":{},"b":{}}
,"/Users/priyankakoneru/HR/yelp_images/client/src/components/App.jsx": {"path":"/Users/priyankakoneru/HR/yelp_images/client/src/components/App.jsx","statementMap":{"0":{"start":{"line":8,"column":8},"end":{"line":8,"column":20}},"1":{"start":{"line":9,"column":8},"end":{"line":12,"column":9}},"2":{"start":{"line":13,"column":8},"end":{"line":13,"column":51}},"3":{"start":{"line":14,"column":8},"end":{"line":14,"column":49}},"4":{"start":{"line":18,"column":8},"end":{"line":18,"column":25}},"5":{"start":{"line":19,"column":8},"end":{"line":19,"column":24}},"6":{"start":{"line":24,"column":8},"end":{"line":24,"column":27}},"7":{"start":{"line":28,"column":8},"end":{"line":30,"column":32}},"8":{"start":{"line":29,"column":21},"end":{"line":29,"column":54}},"9":{"start":{"line":34,"column":8},"end":{"line":36,"column":32}},"10":{"start":{"line":35,"column":21},"end":{"line":35,"column":53}},"11":{"start":{"line":40,"column":8},"end":{"line":44,"column":10}}},"fnMap":{"0":{"name":"(anonymous_0)","decl":{"start":{"line":7,"column":4},"end":{"line":7,"column":5}},"loc":{"start":{"line":7,"column":23},"end":{"line":15,"column":5}},"line":7},"1":{"name":"(anonymous_1)","decl":{"start":{"line":17,"column":4},"end":{"line":17,"column":5}},"loc":{"start":{"line":17,"column":24},"end":{"line":20,"column":5}},"line":17},"2":{"name":"(anonymous_2)","decl":{"start":{"line":23,"column":4},"end":{"line":23,"column":5}},"loc":{"start":{"line":23,"column":23},"end":{"line":25,"column":5}},"line":23},"3":{"name":"(anonymous_3)","decl":{"start":{"line":27,"column":4},"end":{"line":27,"column":5}},"loc":{"start":{"line":27,"column":16},"end":{"line":31,"column":5}},"line":27},"4":{"name":"(anonymous_4)","decl":{"start":{"line":29,"column":14},"end":{"line":29,"column":15}},"loc":{"start":{"line":29,"column":21},"end":{"line":29,"column":54}},"line":29},"5":{"name":"(anonymous_5)","decl":{"start":{"line":33,"column":4},"end":{"line":33,"column":5}},"loc":{"start":{"line":33,"column":15},"end":{"line":37,"column":5}},"line":33},"6":{"name":"(anonymous_6)","decl":{"start":{"line":35,"column":14},"end":{"line":35,"column":15}},"loc":{"start":{"line":35,"column":21},"end":{"line":35,"column":53}},"line":35},"7":{"name":"(anonymous_7)","decl":{"start":{"line":39,"column":4},"end":{"line":39,"column":5}},"loc":{"start":{"line":39,"column":13},"end":{"line":45,"column":5}},"line":39}},"branchMap":{},"s":{"0":1,"1":1,"2":1,"3":1,"4":1,"5":1,"6":0,"7":1,"8":0,"9":1,"10":0,"11":1},"f":{"0":1,"1":1,"2":0,"3":1,"4":0,"5":1,"6":0,"7":1},"b":{},"_coverageSchema":"1a1c01bbd47fc00a2c39e90264f33305004495a9","hash":"b05442c6e5fe578e1681e7bc064ccef9c6ab7e44"}
,"/Users/priyankakoneru/HR/yelp_images/client/src/components/ImageCarousel.jsx": {"path":"/Users/priyankakoneru/HR/yelp_images/client/src/components/ImageCarousel.jsx","statementMap":{"0":{"start":{"line":4,"column":23},"end":{"line":19,"column":1}},"1":{"start":{"line":21,"column":17},"end":{"line":31,"column":1}},"2":{"start":{"line":33,"column":17},"end":{"line":41,"column":1}},"3":{"start":{"line":43,"column":22},"end":{"line":78,"column":1}},"4":{"start":{"line":44,"column":44},"end":{"line":44,"column":55}},"5":{"start":{"line":45,"column":44},"end":{"line":45,"column":67}},"6":{"start":{"line":47,"column":19},"end":{"line":52,"column":5}},"7":{"start":{"line":48,"column":8},"end":{"line":50,"column":10}},"8":{"start":{"line":51,"column":8},"end":{"line":51,"column":46}},"9":{"start":{"line":54,"column":20},"end":{"line":59,"column":5}},"10":{"start":{"line":55,"column":8},"end":{"line":57,"column":10}},"11":{"start":{"line":58,"column":8},"end":{"line":58,"column":46}},"12":{"start":{"line":61,"column":4},"end":{"line":77,"column":6}}},"fnMap":{"0":{"name":"(anonymous_0)","decl":{"start":{"line":43,"column":22},"end":{"line":43,"column":23}},"loc":{"start":{"line":43,"column":51},"end":{"line":78,"column":1}},"line":43},"1":{"name":"(anonymous_1)","decl":{"start":{"line":47,"column":19},"end":{"line":47,"column":20}},"loc":{"start":{"line":47,"column":25},"end":{"line":52,"column":5}},"line":47},"2":{"name":"(anonymous_2)","decl":{"start":{"line":54,"column":20},"end":{"line":54,"column":21}},"loc":{"start":{"line":54,"column":26},"end":{"line":59,"column":5}},"line":54}},"branchMap":{"0":{"loc":{"start":{"line":49,"column":12},"end":{"line":49,"column":51}},"type":"cond-expr","locations":[{"start":{"line":49,"column":31},"end":{"line":49,"column":47}},{"start":{"line":49,"column":50},"end":{"line":49,"column":51}}],"line":49},"1":{"loc":{"start":{"line":56,"column":12},"end":{"line":56,"column":74}},"type":"cond-expr","locations":[{"start":{"line":56,"column":43},"end":{"line":56,"column":59}},{"start":{"line":56,"column":62},"end":{"line":56,"column":74}}],"line":56}},"s":{"0":3,"1":3,"2":3,"3":3,"4":0,"5":0,"6":0,"7":0,"8":0,"9":0,"10":0,"11":0,"12":0},"f":{"0":0,"1":0,"2":0},"b":{"0":[0,0],"1":[0,0]},"_coverageSchema":"1a1c01bbd47fc00a2c39e90264f33305004495a9","hash":"09028ff639dfcf0e6dbc0bf2c0bab096ff7596e3"}
,"/Users/priyankakoneru/HR/yelp_images/client/src/components/ImageContainer.jsx": {"path":"/Users/priyankakoneru/HR/yelp_images/client/src/components/ImageContainer.jsx","statementMap":{"0":{"start":{"line":5,"column":12},"end":{"line":12,"column":1}},"1":{"start":{"line":14,"column":17},"end":{"line":24,"column":1}},"2":{"start":{"line":26,"column":17},"end":{"line":34,"column":1}},"3":{"start":{"line":36,"column":23},"end":{"line":72,"column":1}},"4":{"start":{"line":37,"column":44},"end":{"line":37,"column":60}},"5":{"start":{"line":38,"column":38},"end":{"line":38,"column":49}},"6":{"start":{"line":39,"column":22},"end":{"line":39,"column":23}},"7":{"start":{"line":41,"column":2},"end":{"line":43,"column":25}},"8":{"start":{"line":42,"column":4},"end":{"line":42,"column":73}},"9":{"start":{"line":45,"column":17},"end":{"line":48,"column":3}},"10":{"start":{"line":46,"column":22},"end":{"line":46,"column":46}},"11":{"start":{"line":47,"column":4},"end":{"line":47,"column":49}},"12":{"start":{"line":50,"column":18},"end":{"line":53,"column":3}},"13":{"start":{"line":51,"column":23},"end":{"line":51,"column":47}},"14":{"start":{"line":52,"column":4},"end":{"line":52,"column":77}},"15":{"start":{"line":55,"column":2},"end":{"line":71,"column":3}},"16":{"start":{"line":63,"column":12},"end":{"line":63,"column":80}}},"fnMap":{"0":{"name":"(anonymous_0)","decl":{"start":{"line":36,"column":23},"end":{"line":36,"column":24}},"loc":{"start":{"line":36,"column":44},"end":{"line":72,"column":1}},"line":36},"1":{"name":"(anonymous_1)","decl":{"start":{"line":41,"column":12},"end":{"line":41,"column":13}},"loc":{"start":{"line":41,"column":18},"end":{"line":43,"column":3}},"line":41},"2":{"name":"(anonymous_2)","decl":{"start":{"line":45,"column":17},"end":{"line":45,"column":18}},"loc":{"start":{"line":45,"column":23},"end":{"line":48,"column":3}},"line":45},"3":{"name":"(anonymous_3)","decl":{"start":{"line":50,"column":18},"end":{"line":50,"column":19}},"loc":{"start":{"line":50,"column":24},"end":{"line":53,"column":3}},"line":50},"4":{"name":"(anonymous_4)","decl":{"start":{"line":62,"column":44},"end":{"line":62,"column":45}},"loc":{"start":{"line":63,"column":12},"end":{"line":63,"column":80}},"line":63}},"branchMap":{"0":{"loc":{"start":{"line":47,"column":18},"end":{"line":47,"column":47}},"type":"cond-expr","locations":[{"start":{"line":47,"column":34},"end":{"line":47,"column":43}},{"start":{"line":47,"column":46},"end":{"line":47,"column":47}}],"line":47},"1":{"loc":{"start":{"line":52,"column":18},"end":{"line":52,"column":75}},"type":"cond-expr","locations":[{"start":{"line":52,"column":47},"end":{"line":52,"column":57}},{"start":{"line":52,"column":60},"end":{"line":52,"column":75}}],"line":52},"2":{"loc":{"start":{"line":62,"column":9},"end":{"line":64,"column":9}},"type":"binary-expr","locations":[{"start":{"line":62,"column":9},"end":{"line":62,"column":22}},{"start":{"line":62,"column":26},"end":{"line":64,"column":9}}],"line":62}},"s":{"0":2,"1":2,"2":2,"3":2,"4":1,"5":1,"6":1,"7":1,"8":0,"9":1,"10":0,"11":0,"12":1,"13":0,"14":0,"15":1,"16":3},"f":{"0":1,"1":0,"2":0,"3":0,"4":3},"b":{"0":[0,0],"1":[0,0],"2":[1,1]},"_coverageSchema":"1a1c01bbd47fc00a2c39e90264f33305004495a9","hash":"c9f823018df0ce2e844bb0dcbdb5c21338bba435"}
,"/Users/priyankakoneru/HR/yelp_images/client/src/components/ImageItem.jsx": {"path":"/Users/priyankakoneru/HR/yelp_images/client/src/components/ImageItem.jsx","statementMap":{"0":{"start":{"line":5,"column":12},"end":{"line":13,"column":1}},"1":{"start":{"line":15,"column":18},"end":{"line":33,"column":1}},"2":{"start":{"line":16,"column":14},"end":{"line":16,"column":26}},"3":{"start":{"line":18,"column":20},"end":{"line":21,"column":3}},"4":{"start":{"line":20,"column":4},"end":{"line":20,"column":28}},"5":{"start":{"line":23,"column":2},"end":{"line":32,"column":4}}},"fnMap":{"0":{"name":"(anonymous_0)","decl":{"start":{"line":15,"column":18},"end":{"line":15,"column":19}},"loc":{"start":{"line":15,"column":46},"end":{"line":33,"column":1}},"line":15},"1":{"name":"(anonymous_1)","decl":{"start":{"line":18,"column":20},"end":{"line":18,"column":21}},"loc":{"start":{"line":18,"column":26},"end":{"line":21,"column":3}},"line":18}},"branchMap":{},"s":{"0":3,"1":3,"2":1,"3":1,"4":0,"5":1},"f":{"0":1,"1":0},"b":{},"_coverageSchema":"1a1c01bbd47fc00a2c39e90264f33305004495a9","hash":"8d404b2d2032197d777362dbe87da6eb90d4b07a"}
,"/Users/priyankakoneru/HR/yelp_images/client/src/components/ModalContainer.jsx": {"path":"/Users/priyankakoneru/HR/yelp_images/client/src/components/ModalContainer.jsx","statementMap":{"0":{"start":{"line":7,"column":20},"end":{"line":24,"column":1}},"1":{"start":{"line":26,"column":28},"end":{"line":56,"column":1}},"2":{"start":{"line":58,"column":29},"end":{"line":77,"column":1}},"3":{"start":{"line":79,"column":23},"end":{"line":125,"column":2}},"4":{"start":{"line":80,"column":30},"end":{"line":80,"column":45}},"5":{"start":{"line":82,"column":22},"end":{"line":84,"column":5}},"6":{"start":{"line":83,"column":8},"end":{"line":83,"column":23}},"7":{"start":{"line":86,"column":22},"end":{"line":88,"column":5}},"8":{"start":{"line":87,"column":8},"end":{"line":87,"column":24}},"9":{"start":{"line":90,"column":4},"end":{"line":94,"column":7}},"10":{"start":{"line":91,"column":8},"end":{"line":93,"column":10}},"11":{"start":{"line":96,"column":4},"end":{"line":124,"column":6}}},"fnMap":{"0":{"name":"(anonymous_0)","decl":{"start":{"line":79,"column":34},"end":{"line":79,"column":35}},"loc":{"start":{"line":79,"column":50},"end":{"line":125,"column":1}},"line":79},"1":{"name":"(anonymous_1)","decl":{"start":{"line":82,"column":22},"end":{"line":82,"column":23}},"loc":{"start":{"line":82,"column":28},"end":{"line":84,"column":5}},"line":82},"2":{"name":"(anonymous_2)","decl":{"start":{"line":86,"column":22},"end":{"line":86,"column":23}},"loc":{"start":{"line":86,"column":28},"end":{"line":88,"column":5}},"line":86},"3":{"name":"(anonymous_3)","decl":{"start":{"line":90,"column":29},"end":{"line":90,"column":30}},"loc":{"start":{"line":90,"column":35},"end":{"line":94,"column":5}},"line":90}},"branchMap":{"0":{"loc":{"start":{"line":98,"column":13},"end":{"line":121,"column":32}},"type":"binary-expr","locations":[{"start":{"line":98,"column":13},"end":{"line":98,"column":18}},{"start":{"line":98,"column":22},"end":{"line":121,"column":32}}],"line":98}},"s":{"0":3,"1":3,"2":3,"3":3,"4":0,"5":0,"6":0,"7":0,"8":0,"9":0,"10":0,"11":0},"f":{"0":0,"1":0,"2":0,"3":0},"b":{"0":[0,0]},"_coverageSchema":"1a1c01bbd47fc00a2c39e90264f33305004495a9","hash":"7a133c1939b73c9a26e9bbc5699081cd96d55b74"}
,"/Users/priyankakoneru/HR/yelp_images/client/src/components/ModalImagesContainer.jsx": {"path":"/Users/priyankakoneru/HR/yelp_images/client/src/components/ModalImagesContainer.jsx","statementMap":{"0":{"start":{"line":4,"column":23},"end":{"line":7,"column":1}},"1":{"start":{"line":9,"column":24},"end":{"line":31,"column":1}},"2":{"start":{"line":33,"column":24},"end":{"line":53,"column":1}},"3":{"start":{"line":55,"column":29},"end":{"line":76,"column":1}},"4":{"start":{"line":56,"column":23},"end":{"line":58,"column":5}},"5":{"start":{"line":57,"column":8},"end":{"line":57,"column":51}},"6":{"start":{"line":59,"column":4},"end":{"line":75,"column":5}},"7":{"start":{"line":69,"column":20},"end":{"line":71,"column":26}}},"fnMap":{"0":{"name":"(anonymous_0)","decl":{"start":{"line":55,"column":29},"end":{"line":55,"column":30}},"loc":{"start":{"line":55,"column":40},"end":{"line":76,"column":1}},"line":55},"1":{"name":"(anonymous_1)","decl":{"start":{"line":56,"column":23},"end":{"line":56,"column":24}},"loc":{"start":{"line":56,"column":29},"end":{"line":58,"column":5}},"line":56},"2":{"name":"(anonymous_2)","decl":{"start":{"line":68,"column":50},"end":{"line":68,"column":51}},"loc":{"start":{"line":69,"column":20},"end":{"line":71,"column":26}},"line":69}},"branchMap":{"0":{"loc":{"start":{"line":68,"column":17},"end":{"line":72,"column":17}},"type":"binary-expr","locations":[{"start":{"line":68,"column":17},"end":{"line":68,"column":29}},{"start":{"line":68,"column":33},"end":{"line":72,"column":17}}],"line":68}},"s":{"0":3,"1":3,"2":3,"3":3,"4":0,"5":0,"6":0,"7":0},"f":{"0":0,"1":0,"2":0},"b":{"0":[0,0]},"_coverageSchema":"1a1c01bbd47fc00a2c39e90264f33305004495a9","hash":"3656301a467dd46349c02b0609e19edbbef80612"}
,"/Users/priyankakoneru/HR/yelp_images/client/src/components/UserInfo.jsx": {"path":"/Users/priyankakoneru/HR/yelp_images/client/src/components/UserInfo.jsx","statementMap":{"0":{"start":{"line":4,"column":26},"end":{"line":22,"column":1}},"1":{"start":{"line":24,"column":17},"end":{"line":35,"column":1}},"2":{"start":{"line":25,"column":4},"end":{"line":34,"column":6}}},"fnMap":{"0":{"name":"(anonymous_0)","decl":{"start":{"line":24,"column":17},"end":{"line":24,"column":18}},"loc":{"start":{"line":24,"column":28},"end":{"line":35,"column":1}},"line":24}},"branchMap":{},"s":{"0":3,"1":3,"2":0},"f":{"0":0},"b":{},"_coverageSchema":"1a1c01bbd47fc00a2c39e90264f33305004495a9","hash":"a865e07973e6ee1a54ec233cb1e4cf36693b6e7e"}
,"/Users/priyankakoneru/HR/yelp_images/server/controller.js": {"path":"/Users/priyankakoneru/HR/yelp_images/server/controller.js","statementMap":{"0":{"start":{"line":1,"column":14},"end":{"line":1,"column":45}},"1":{"start":{"line":3,"column":0},"end":{"line":11,"column":2}},"2":{"start":{"line":6,"column":4},"end":{"line":6,"column":29}},"3":{"start":{"line":9,"column":4},"end":{"line":9,"column":31}}},"fnMap":{"0":{"name":"(anonymous_0)","decl":{"start":{"line":4,"column":13},"end":{"line":4,"column":14}},"loc":{"start":{"line":4,"column":27},"end":{"line":7,"column":3}},"line":4},"1":{"name":"(anonymous_1)","decl":{"start":{"line":8,"column":12},"end":{"line":8,"column":13}},"loc":{"start":{"line":8,"column":26},"end":{"line":10,"column":3}},"line":8}},"branchMap":{},"s":{"0":1,"1":1,"2":3,"3":0},"f":{"0":3,"1":0},"b":{},"_coverageSchema":"1a1c01bbd47fc00a2c39e90264f33305004495a9","hash":"8450a95000b987be0259f898066932c24013b93b"}
,"/Users/priyankakoneru/HR/yelp_images/server/index.js": {"path":"/Users/priyankakoneru/HR/yelp_images/server/index.js","statementMap":{"0":{"start":{"line":2,"column":17},"end":{"line":2,"column":48}},"1":{"start":{"line":5,"column":15},"end":{"line":5,"column":37}},"2":{"start":{"line":8,"column":30},"end":{"line":8,"column":56}},"3":{"start":{"line":10,"column":16},"end":{"line":10,"column":34}},"4":{"start":{"line":11,"column":10},"end":{"line":11,"column":19}},"5":{"start":{"line":13,"column":0},"end":{"line":13,"column":55}},"6":{"start":{"line":14,"column":0},"end":{"line":14,"column":18}},"7":{"start":{"line":16,"column":0},"end":{"line":16,"column":30}},"8":{"start":{"line":18,"column":0},"end":{"line":18,"column":28}},"9":{"start":{"line":20,"column":0},"end":{"line":20,"column":21}}},"fnMap":{},"branchMap":{},"s":{"0":1,"1":1,"2":1,"3":1,"4":1,"5":1,"6":1,"7":1,"8":1,"9":1},"f":{},"b":{},"_coverageSchema":"1a1c01bbd47fc00a2c39e90264f33305004495a9","hash":"25dfbf233676ac0985c7fc7c4212b4989487096e"}
,"/Users/priyankakoneru/HR/yelp_images/server/start.js": {"path":"/Users/priyankakoneru/HR/yelp_images/server/start.js","statementMap":{"0":{"start":{"line":1,"column":12},"end":{"line":1,"column":33}},"1":{"start":{"line":3,"column":13},"end":{"line":3,"column":17}},"2":{"start":{"line":5,"column":0},"end":{"line":5,"column":81}},"3":{"start":{"line":5,"column":23},"end":{"line":5,"column":79}}},"fnMap":{"0":{"name":"(anonymous_0)","decl":{"start":{"line":5,"column":17},"end":{"line":5,"column":18}},"loc":{"start":{"line":5,"column":23},"end":{"line":5,"column":79}},"line":5}},"branchMap":{},"s":{"0":0,"1":0,"2":0,"3":0},"f":{"0":0},"b":{}}
}
